Microsoft HTML Help Compiler 4.74.8702

Compiling c:\Users\TAJANA\Desktop\pomoc_tmphhp\pomoc.chm

Glavnaformaiprijavausustav.html
Pretrazivanjebaze.html
Uploadnabazu.html
Opcije.html
pomoc.hhc
pomoc.hhk
Glavnaformaiprijavausustav1.PNG
Glavnaformaiprijavausustav2.PNG
Glavnaformaiprijavausustav3.PNG
Pretrazivanjebaze1.PNG
Pretrazivanjebaze2.PNG
Pretrazivanjebaze3.PNG
Uploadnabazu1.PNG
Opcije1.PNG
Opcije2.PNG
Opcije3.PNG
Opcije4.PNG
hm.css

Compile time: 0 minutes, 2 seconds
6	Topics
26	Local links
0	Internet links
11	Graphics


Created c:\Users\TAJANA\Desktop\pomoc_tmphhp\pomoc.chm, 601,731 bytes
Compression decreased file by 317,765 bytes.
